{"/home/dmitry-kazakov/projects/dk/request/src/errors.ts": {"path":"/home/dmitry-kazakov/projects/dk/request/src/errors.ts","statementMap":{"0":{"start":{"line":1,"column":13},"end":{"line":3,"column":11}}},"fnMap":{},"branchMap":{},"s":{"0":1},"f":{},"b":{}}
,"/home/dmitry-kazakov/projects/dk/request/src/index.ts": {"path":"/home/dmitry-kazakov/projects/dk/request/src/index.ts","statementMap":{"0":{"start":{"line":1,"column":0},"end":{"line":1,"column":9}},"1":{"start":{"line":1,"column":9},"end":{"line":1,"column":34}},"2":{"start":{"line":2,"column":0},"end":{"line":2,"column":9}},"3":{"start":{"line":2,"column":9},"end":{"line":2,"column":36}}},"fnMap":{"0":{"name":"(anonymous_0)","decl":{"start":{"line":1,"column":9},"end":{"line":1,"column":15}},"loc":{"start":{"line":1,"column":9},"end":{"line":1,"column":34}}},"1":{"name":"(anonymous_1)","decl":{"start":{"line":2,"column":9},"end":{"line":2,"column":16}},"loc":{"start":{"line":2,"column":9},"end":{"line":2,"column":36}}}},"branchMap":{},"s":{"0":1,"1":3,"2":1,"3":8},"f":{"0":2,"1":7},"b":{}}
,"/home/dmitry-kazakov/projects/dk/request/src/request.ts": {"path":"/home/dmitry-kazakov/projects/dk/request/src/request.ts","statementMap":{"0":{"start":{"line":1,"column":0},"end":{"line":1,"column":44}},"1":{"start":{"line":2,"column":0},"end":{"line":2,"column":52}},"2":{"start":{"line":3,"column":0},"end":{"line":3,"column":54}},"3":{"start":{"line":7,"column":2},"end":{"line":10,"column":60}},"4":{"start":{"line":8,"column":16},"end":{"line":8,"column":40}},"5":{"start":{"line":9,"column":16},"end":{"line":9,"column":36}},"6":{"start":{"line":10,"column":24},"end":{"line":10,"column":59}},"7":{"start":{"line":6,"column":0},"end":{"line":6,"column":16}}},"fnMap":{"0":{"name":"request","decl":{"start":{"line":6,"column":16},"end":{"line":6,"column":23}},"loc":{"start":{"line":6,"column":49},"end":{"line":11,"column":1}}},"1":{"name":"(anonymous_1)","decl":{"start":{"line":8,"column":10},"end":{"line":8,"column":16}},"loc":{"start":{"line":8,"column":10},"end":{"line":8,"column":31}}},"2":{"name":"(anonymous_2)","decl":{"start":{"line":9,"column":10},"end":{"line":9,"column":16}},"loc":{"start":{"line":9,"column":10},"end":{"line":9,"column":27}}},"3":{"name":"(anonymous_3)","decl":{"start":{"line":10,"column":10},"end":{"line":10,"column":11}},"loc":{"start":{"line":10,"column":19},"end":{"line":10,"column":40}}}},"branchMap":{},"s":{"0":1,"1":1,"2":1,"3":7,"4":7,"5":6,"6":6,"7":1},"f":{"0":7,"1":7,"2":6,"3":6},"b":{}}
,"/home/dmitry-kazakov/projects/dk/request/src/sendRequest.ts": {"path":"/home/dmitry-kazakov/projects/dk/request/src/sendRequest.ts","statementMap":{"0":{"start":{"line":1,"column":0},"end":{"line":1,"column":26}},"1":{"start":{"line":4,"column":0},"end":{"line":4,"column":64}},"2":{"start":{"line":7,"column":5},"end":{"line":7,"column":null}},"3":{"start":{"line":8,"column":6},"end":{"line":8,"column":null}},"4":{"start":{"line":9,"column":9},"end":{"line":9,"column":null}},"5":{"start":{"line":10,"column":15},"end":{"line":10,"column":null}},"6":{"start":{"line":11,"column":24},"end":{"line":11,"column":null}},"7":{"start":{"line":13,"column":2},"end":{"line":13,"column":41}},"8":{"start":{"line":13,"column":12},"end":{"line":13,"column":41}},"9":{"start":{"line":15,"column":2},"end":{"line":28,"column":5}},"10":{"start":{"line":23,"column":4},"end":{"line":25,"column":null}},"11":{"start":{"line":24,"column":6},"end":{"line":24,"column":96}},"12":{"start":{"line":27,"column":4},"end":{"line":27,"column":25}},"13":{"start":{"line":6,"column":0},"end":{"line":6,"column":16}}},"fnMap":{"0":{"name":"sendRequest","decl":{"start":{"line":6,"column":16},"end":{"line":6,"column":27}},"loc":{"start":{"line":12,"column":20},"end":{"line":29,"column":1}}},"1":{"name":"(anonymous_2)","decl":{"start":{"line":22,"column":10},"end":{"line":22,"column":11}},"loc":{"start":{"line":22,"column":19},"end":{"line":28,"column":3}}}},"branchMap":{"0":{"loc":{"start":{"line":13,"column":2},"end":{"line":13,"column":41}},"type":"if","locations":[{"start":{"line":13,"column":2},"end":{"line":13,"column":41}},{"start":{"line":13,"column":2},"end":{"line":13,"column":41}}]},"1":{"loc":{"start":{"line":16,"column":9},"end":{"line":16,"column":61}},"type":"cond-expr","locations":[{"start":{"line":16,"column":37},"end":{"line":16,"column":55}},{"start":{"line":16,"column":58},"end":{"line":16,"column":61}}]},"2":{"loc":{"start":{"line":17,"column":10},"end":{"line":17,"column":49}},"type":"binary-expr","locations":[{"start":{"line":17,"column":10},"end":{"line":17,"column":32}},{"start":{"line":17,"column":36},"end":{"line":17,"column":49}}]},"3":{"loc":{"start":{"line":20,"column":18},"end":{"line":20,"column":67}},"type":"cond-expr","locations":[{"start":{"line":20,"column":49},"end":{"line":20,"column":55}},{"start":{"line":20,"column":58},"end":{"line":20,"column":67}}]},"4":{"loc":{"start":{"line":23,"column":4},"end":{"line":25,"column":null}},"type":"if","locations":[{"start":{"line":23,"column":4},"end":{"line":25,"column":null}},{"start":{"line":23,"column":4},"end":{"line":25,"column":null}}]},"5":{"loc":{"start":{"line":24,"column":48},"end":{"line":24,"column":94}},"type":"binary-expr","locations":[{"start":{"line":24,"column":48},"end":{"line":24,"column":82}},{"start":{"line":24,"column":86},"end":{"line":24,"column":94}}]},"6":{"loc":{"start":{"line":24,"column":48},"end":{"line":24,"column":82}},"type":"cond-expr","locations":[{"start":{"line":24,"column":70},"end":{"line":24,"column":73}},{"start":{"line":24,"column":48},"end":{"line":24,"column":82}}]},"7":{"loc":{"start":{"line":24,"column":48},"end":{"line":24,"column":73}},"type":"binary-expr","locations":[{"start":{"line":24,"column":48},"end":{"line":24,"column":73}},{"start":{"line":24,"column":48},"end":{"line":24,"column":73}}]}},"s":{"0":1,"1":1,"2":6,"3":6,"4":6,"5":6,"6":6,"7":6,"8":1,"9":5,"10":5,"11":0,"12":5,"13":1},"f":{"0":6,"1":5},"b":{"0":[1,5],"1":[1,4],"2":[5,5],"3":[0,5],"4":[0,5],"5":[0,0],"6":[0,0],"7":[0,0]}}
,"/home/dmitry-kazakov/projects/dk/request/src/validateRequest.ts": {"path":"/home/dmitry-kazakov/projects/dk/request/src/validateRequest.ts","statementMap":{"0":{"start":{"line":1,"column":0},"end":{"line":1,"column":34}},"1":{"start":{"line":2,"column":0},"end":{"line":2,"column":50}},"2":{"start":{"line":6,"column":9},"end":{"line":6,"column":null}},"3":{"start":{"line":7,"column":15},"end":{"line":7,"column":null}},"4":{"start":{"line":8,"column":18},"end":{"line":8,"column":null}},"5":{"start":{"line":10,"column":2},"end":{"line":10,"column":32}},"6":{"start":{"line":10,"column":25},"end":{"line":10,"column":32}},"7":{"start":{"line":12,"column":2},"end":{"line":19,"column":null}},"8":{"start":{"line":13,"column":4},"end":{"line":13,"column":48}},"9":{"start":{"line":15,"column":4},"end":{"line":18,"column":6}},"10":{"start":{"line":5,"column":0},"end":{"line":5,"column":16}}},"fnMap":{"0":{"name":"validateRequest","decl":{"start":{"line":5,"column":16},"end":{"line":5,"column":31}},"loc":{"start":{"line":9,"column":20},"end":{"line":20,"column":1}}}},"branchMap":{"0":{"loc":{"start":{"line":10,"column":2},"end":{"line":10,"column":32}},"type":"if","locations":[{"start":{"line":10,"column":2},"end":{"line":10,"column":32}},{"start":{"line":10,"column":2},"end":{"line":10,"column":32}}]}},"s":{"0":1,"1":1,"2":7,"3":7,"4":7,"5":7,"6":3,"7":4,"8":4,"9":1,"10":1},"f":{"0":7},"b":{"0":[3,4]}}
,"/home/dmitry-kazakov/projects/dk/request/src/validateResponse.ts": {"path":"/home/dmitry-kazakov/projects/dk/request/src/validateResponse.ts","statementMap":{"0":{"start":{"line":1,"column":0},"end":{"line":1,"column":70}},"1":{"start":{"line":3,"column":0},"end":{"line":3,"column":34}},"2":{"start":{"line":4,"column":0},"end":{"line":4,"column":50}},"3":{"start":{"line":8,"column":11},"end":{"line":8,"column":13}},"4":{"start":{"line":8,"column":26},"end":{"line":8,"column":28}},"5":{"start":{"line":8,"column":45},"end":{"line":8,"column":47}},"6":{"start":{"line":8,"column":63},"end":{"line":8,"column":84}},"7":{"start":{"line":11,"column":2},"end":{"line":11,"column":54}},"8":{"start":{"line":11,"column":37},"end":{"line":11,"column":54}},"9":{"start":{"line":13,"column":2},"end":{"line":13,"column":42}},"10":{"start":{"line":13,"column":26},"end":{"line":13,"column":42}},"11":{"start":{"line":15,"column":2},"end":{"line":30,"column":null}},"12":{"start":{"line":16,"column":4},"end":{"line":16,"column":38}},"13":{"start":{"line":18,"column":4},"end":{"line":22,"column":7}},"14":{"start":{"line":24,"column":4},"end":{"line":24,"column":20}},"15":{"start":{"line":26,"column":4},"end":{"line":29,"column":6}},"16":{"start":{"line":7,"column":0},"end":{"line":7,"column":16}}},"fnMap":{"0":{"name":"validateResponse","decl":{"start":{"line":7,"column":16},"end":{"line":7,"column":32}},"loc":{"start":{"line":9,"column":24},"end":{"line":31,"column":1}}}},"branchMap":{"0":{"loc":{"start":{"line":11,"column":2},"end":{"line":11,"column":54}},"type":"if","locations":[{"start":{"line":11,"column":2},"end":{"line":11,"column":54}},{"start":{"line":11,"column":2},"end":{"line":11,"column":54}}]},"1":{"loc":{"start":{"line":11,"column":6},"end":{"line":11,"column":35}},"type":"cond-expr","locations":[{"start":{"line":11,"column":19},"end":{"line":11,"column":21}},{"start":{"line":11,"column":6},"end":{"line":11,"column":35}}]},"2":{"loc":{"start":{"line":11,"column":6},"end":{"line":11,"column":21}},"type":"binary-expr","locations":[{"start":{"line":11,"column":6},"end":{"line":11,"column":21}},{"start":{"line":11,"column":6},"end":{"line":11,"column":21}}]},"3":{"loc":{"start":{"line":13,"column":2},"end":{"line":13,"column":42}},"type":"if","locations":[{"start":{"line":13,"column":2},"end":{"line":13,"column":42}},{"start":{"line":13,"column":2},"end":{"line":13,"column":42}}]}},"s":{"0":1,"1":1,"2":1,"3":6,"4":6,"5":6,"6":6,"7":6,"8":0,"9":6,"10":3,"11":3,"12":3,"13":2,"14":2,"15":1,"16":1},"f":{"0":6},"b":{"0":[0,6],"1":[0,6],"2":[6,6],"3":[3,3]}}
}
