{"/home/dmitry-kazakov/projects/dk/request/src/errors.ts": {"path":"/home/dmitry-kazakov/projects/dk/request/src/errors.ts","statementMap":{"0":{"start":{"line":2,"column":0},"end":{"line":4,"column":3}},"1":{"start":{"line":5,"column":0},"end":{"line":8,"column":3}},"2":{"start":{"line":7,"column":13},"end":{"line":7,"column":19}},"3":{"start":{"line":9,"column":15},"end":{"line":11,"column":1}}},"fnMap":{"0":{"name":"(anonymous_0)","decl":{"start":{"line":7,"column":9},"end":{"line":7,"column":10}},"loc":{"start":{"line":7,"column":13},"end":{"line":7,"column":19}},"line":7}},"branchMap":{},"s":{"0":1,"1":1,"2":4,"3":1},"f":{"0":4},"b":{},"_coverageSchema":"1a1c01bbd47fc00a2c39e90264f33305004495a9","hash":"5ef4d9b2b2e5eb0a2b63022733474401e1bd02e8","contentHash":"57e8083186778523b4e4e54903788527aa7192d440c11aa5f2d7a8dc215a81ed"}
,"/home/dmitry-kazakov/projects/dk/request/src/index.ts": {"path":"/home/dmitry-kazakov/projects/dk/request/src/index.ts","statementMap":{"0":{"start":{"line":2,"column":0},"end":{"line":4,"column":3}},"1":{"start":{"line":6,"column":4},"end":{"line":9,"column":7}},"2":{"start":{"line":6,"column":24},"end":{"line":9,"column":7}},"3":{"start":{"line":11,"column":0},"end":{"line":17,"column":3}},"4":{"start":{"line":12,"column":16},"end":{"line":12,"column":30}},"5":{"start":{"line":13,"column":17},"end":{"line":13,"column":33}},"6":{"start":{"line":14,"column":17},"end":{"line":14,"column":33}},"7":{"start":{"line":15,"column":21},"end":{"line":15,"column":45}},"8":{"start":{"line":16,"column":27},"end":{"line":16,"column":63}},"9":{"start":{"line":18,"column":16},"end":{"line":18,"column":35}},"10":{"start":{"line":19,"column":17},"end":{"line":19,"column":37}},"11":{"start":{"line":20,"column":17},"end":{"line":20,"column":43}},"12":{"start":{"line":21,"column":21},"end":{"line":21,"column":51}},"13":{"start":{"line":22,"column":27},"end":{"line":22,"column":63}}},"fnMap":{"0":{"name":"_export","decl":{"start":{"line":5,"column":9},"end":{"line":5,"column":16}},"loc":{"start":{"line":5,"column":30},"end":{"line":10,"column":1}},"line":5},"1":{"name":"(anonymous_1)","decl":{"start":{"line":12,"column":12},"end":{"line":12,"column":13}},"loc":{"start":{"line":12,"column":16},"end":{"line":12,"column":30}},"line":12},"2":{"name":"(anonymous_2)","decl":{"start":{"line":13,"column":13},"end":{"line":13,"column":14}},"loc":{"start":{"line":13,"column":17},"end":{"line":13,"column":33}},"line":13},"3":{"name":"(anonymous_3)","decl":{"start":{"line":14,"column":13},"end":{"line":14,"column":14}},"loc":{"start":{"line":14,"column":17},"end":{"line":14,"column":33}},"line":14},"4":{"name":"(anonymous_4)","decl":{"start":{"line":15,"column":17},"end":{"line":15,"column":18}},"loc":{"start":{"line":15,"column":21},"end":{"line":15,"column":45}},"line":15},"5":{"name":"(anonymous_5)","decl":{"start":{"line":16,"column":23},"end":{"line":16,"column":24}},"loc":{"start":{"line":16,"column":27},"end":{"line":16,"column":63}},"line":16}},"branchMap":{},"s":{"0":1,"1":1,"2":5,"3":1,"4":2,"5":8,"6":0,"7":0,"8":0,"9":1,"10":1,"11":1,"12":1,"13":1},"f":{"0":1,"1":2,"2":8,"3":0,"4":0,"5":0},"b":{},"_coverageSchema":"1a1c01bbd47fc00a2c39e90264f33305004495a9","hash":"7735b90515a6970cf6275c9cbfddd044607cae61","contentHash":"85e69a18312c323a84e825c92019b09bce02fb44db2c006e36f39f7165799ce4"}
,"/home/dmitry-kazakov/projects/dk/request/src/request.ts": {"path":"/home/dmitry-kazakov/projects/dk/request/src/request.ts","statementMap":{"0":{"start":{"line":2,"column":0},"end":{"line":4,"column":3}},"1":{"start":{"line":5,"column":0},"end":{"line":8,"column":3}},"2":{"start":{"line":7,"column":13},"end":{"line":7,"column":20}},"3":{"start":{"line":9,"column":21},"end":{"line":9,"column":45}},"4":{"start":{"line":10,"column":25},"end":{"line":10,"column":53}},"5":{"start":{"line":11,"column":26},"end":{"line":11,"column":55}},"6":{"start":{"line":13,"column":4},"end":{"line":13,"column":209}},"7":{"start":{"line":13,"column":38},"end":{"line":13,"column":83}},"8":{"start":{"line":13,"column":94},"end":{"line":13,"column":131}},"9":{"start":{"line":13,"column":150},"end":{"line":13,"column":207}}},"fnMap":{"0":{"name":"(anonymous_0)","decl":{"start":{"line":7,"column":9},"end":{"line":7,"column":10}},"loc":{"start":{"line":7,"column":13},"end":{"line":7,"column":20}},"line":7},"1":{"name":"request","decl":{"start":{"line":12,"column":9},"end":{"line":12,"column":16}},"loc":{"start":{"line":12,"column":25},"end":{"line":14,"column":1}},"line":12},"2":{"name":"(anonymous_2)","decl":{"start":{"line":13,"column":34},"end":{"line":13,"column":35}},"loc":{"start":{"line":13,"column":38},"end":{"line":13,"column":83}},"line":13},"3":{"name":"(anonymous_3)","decl":{"start":{"line":13,"column":90},"end":{"line":13,"column":91}},"loc":{"start":{"line":13,"column":94},"end":{"line":13,"column":131}},"line":13},"4":{"name":"(anonymous_4)","decl":{"start":{"line":13,"column":138},"end":{"line":13,"column":139}},"loc":{"start":{"line":13,"column":150},"end":{"line":13,"column":207}},"line":13}},"branchMap":{},"s":{"0":1,"1":1,"2":8,"3":1,"4":1,"5":1,"6":8,"7":8,"8":7,"9":7},"f":{"0":8,"1":8,"2":8,"3":7,"4":7},"b":{},"_coverageSchema":"1a1c01bbd47fc00a2c39e90264f33305004495a9","hash":"66151e006539df478ba846cce41b293716b01a28","contentHash":"695907eea9625ea6a01b07de6e61067eb0ea7f34d418d9455a126d9636157514"}
,"/home/dmitry-kazakov/projects/dk/request/src/sendRequest.ts": {"path":"/home/dmitry-kazakov/projects/dk/request/src/sendRequest.ts","statementMap":{"0":{"start":{"line":2,"column":0},"end":{"line":4,"column":3}},"1":{"start":{"line":5,"column":0},"end":{"line":8,"column":3}},"2":{"start":{"line":7,"column":13},"end":{"line":7,"column":24}},"3":{"start":{"line":9,"column":29},"end":{"line":9,"column":69}},"4":{"start":{"line":10,"column":28},"end":{"line":10,"column":65}},"5":{"start":{"line":12,"column":4},"end":{"line":14,"column":6}},"6":{"start":{"line":17,"column":4},"end":{"line":17,"column":43}},"7":{"start":{"line":17,"column":14},"end":{"line":17,"column":43}},"8":{"start":{"line":18,"column":68},"end":{"line":18,"column":81}},"9":{"start":{"line":19,"column":23},"end":{"line":19,"column":75}},"10":{"start":{"line":20,"column":4},"end":{"line":22,"column":7}},"11":{"start":{"line":21,"column":8},"end":{"line":21,"column":68}},"12":{"start":{"line":21,"column":35},"end":{"line":21,"column":68}},"13":{"start":{"line":23,"column":4},"end":{"line":38,"column":7}},"14":{"start":{"line":31,"column":8},"end":{"line":33,"column":9}},"15":{"start":{"line":32,"column":12},"end":{"line":32,"column":199}},"16":{"start":{"line":34,"column":8},"end":{"line":36,"column":9}},"17":{"start":{"line":35,"column":12},"end":{"line":35,"column":77}},"18":{"start":{"line":35,"column":62},"end":{"line":35,"column":75}},"19":{"start":{"line":37,"column":8},"end":{"line":37,"column":29}}},"fnMap":{"0":{"name":"(anonymous_0)","decl":{"start":{"line":7,"column":9},"end":{"line":7,"column":10}},"loc":{"start":{"line":7,"column":13},"end":{"line":7,"column":24}},"line":7},"1":{"name":"_interopRequireDefault","decl":{"start":{"line":11,"column":9},"end":{"line":11,"column":31}},"loc":{"start":{"line":11,"column":37},"end":{"line":15,"column":1}},"line":11},"2":{"name":"sendRequest","decl":{"start":{"line":16,"column":9},"end":{"line":16,"column":20}},"loc":{"start":{"line":16,"column":145},"end":{"line":39,"column":1}},"line":16},"3":{"name":"(anonymous_3)","decl":{"start":{"line":20,"column":46},"end":{"line":20,"column":47}},"loc":{"start":{"line":20,"column":53},"end":{"line":22,"column":5}},"line":20},"4":{"name":"(anonymous_4)","decl":{"start":{"line":30,"column":12},"end":{"line":30,"column":13}},"loc":{"start":{"line":30,"column":24},"end":{"line":38,"column":5}},"line":30},"5":{"name":"(anonymous_5)","decl":{"start":{"line":35,"column":58},"end":{"line":35,"column":59}},"loc":{"start":{"line":35,"column":62},"end":{"line":35,"column":75}},"line":35}},"branchMap":{"0":{"loc":{"start":{"line":12,"column":11},"end":{"line":14,"column":5}},"type":"cond-expr","locations":[{"start":{"line":12,"column":35},"end":{"line":12,"column":38}},{"start":{"line":12,"column":41},"end":{"line":14,"column":5}}],"line":12},"1":{"loc":{"start":{"line":12,"column":11},"end":{"line":12,"column":32}},"type":"binary-expr","locations":[{"start":{"line":12,"column":11},"end":{"line":12,"column":14}},{"start":{"line":12,"column":18},"end":{"line":12,"column":32}}],"line":12},"2":{"loc":{"start":{"line":17,"column":4},"end":{"line":17,"column":43}},"type":"if","locations":[{"start":{"line":17,"column":4},"end":{"line":17,"column":43}},{"start":{"line":17,"column":4},"end":{"line":17,"column":43}}],"line":17},"3":{"loc":{"start":{"line":19,"column":23},"end":{"line":19,"column":75}},"type":"cond-expr","locations":[{"start":{"line":19,"column":51},"end":{"line":19,"column":69}},{"start":{"line":19,"column":72},"end":{"line":19,"column":75}}],"line":19},"4":{"loc":{"start":{"line":21,"column":8},"end":{"line":21,"column":68}},"type":"if","locations":[{"start":{"line":21,"column":8},"end":{"line":21,"column":68}},{"start":{"line":21,"column":8},"end":{"line":21,"column":68}}],"line":21},"5":{"loc":{"start":{"line":25,"column":9},"end":{"line":25,"column":45}},"type":"cond-expr","locations":[{"start":{"line":25,"column":28},"end":{"line":25,"column":36}},{"start":{"line":25,"column":39},"end":{"line":25,"column":45}}],"line":25},"6":{"loc":{"start":{"line":25,"column":48},"end":{"line":25,"column":80}},"type":"binary-expr","locations":[{"start":{"line":25,"column":48},"end":{"line":25,"column":56}},{"start":{"line":25,"column":60},"end":{"line":25,"column":80}}],"line":25},"7":{"loc":{"start":{"line":26,"column":16},"end":{"line":26,"column":32}},"type":"binary-expr","locations":[{"start":{"line":26,"column":16},"end":{"line":26,"column":22}},{"start":{"line":26,"column":26},"end":{"line":26,"column":32}}],"line":26},"8":{"loc":{"start":{"line":28,"column":22},"end":{"line":28,"column":57}},"type":"cond-expr","locations":[{"start":{"line":28,"column":39},"end":{"line":28,"column":45}},{"start":{"line":28,"column":48},"end":{"line":28,"column":57}}],"line":28},"9":{"loc":{"start":{"line":31,"column":8},"end":{"line":33,"column":9}},"type":"if","locations":[{"start":{"line":31,"column":8},"end":{"line":33,"column":9}},{"start":{"line":31,"column":8},"end":{"line":33,"column":9}}],"line":31},"10":{"loc":{"start":{"line":32,"column":71},"end":{"line":32,"column":197}},"type":"binary-expr","locations":[{"start":{"line":32,"column":72},"end":{"line":32,"column":184}},{"start":{"line":32,"column":189},"end":{"line":32,"column":197}}],"line":32},"11":{"loc":{"start":{"line":32,"column":72},"end":{"line":32,"column":184}},"type":"cond-expr","locations":[{"start":{"line":32,"column":143},"end":{"line":32,"column":149}},{"start":{"line":32,"column":152},"end":{"line":32,"column":184}}],"line":32},"12":{"loc":{"start":{"line":32,"column":72},"end":{"line":32,"column":140}},"type":"binary-expr","locations":[{"start":{"line":32,"column":72},"end":{"line":32,"column":103}},{"start":{"line":32,"column":107},"end":{"line":32,"column":140}}],"line":32},"13":{"loc":{"start":{"line":34,"column":8},"end":{"line":36,"column":9}},"type":"if","locations":[{"start":{"line":34,"column":8},"end":{"line":36,"column":9}},{"start":{"line":34,"column":8},"end":{"line":36,"column":9}}],"line":34}},"s":{"0":1,"1":1,"2":7,"3":1,"4":1,"5":1,"6":7,"7":1,"8":6,"9":6,"10":6,"11":5,"12":0,"13":6,"14":6,"15":0,"16":6,"17":0,"18":0,"19":6},"f":{"0":7,"1":1,"2":7,"3":5,"4":6,"5":0},"b":{"0":[0,1],"1":[1,1],"2":[1,6],"3":[1,5],"4":[0,5],"5":[0,6],"6":[6,6],"7":[6,6],"8":[0,6],"9":[0,6],"10":[0,0],"11":[0,0],"12":[0,0],"13":[0,6]},"_coverageSchema":"1a1c01bbd47fc00a2c39e90264f33305004495a9","hash":"653284714cc8f2f3cf6df8756bbf230125c46c83","contentHash":"f6c85b1fdfad7f5cfc38dc2e9c9d80c8983f9a295a9d3574a3869370cc99f0c6"}
,"/home/dmitry-kazakov/projects/dk/request/src/validateRequest.ts": {"path":"/home/dmitry-kazakov/projects/dk/request/src/validateRequest.ts","statementMap":{"0":{"start":{"line":2,"column":0},"end":{"line":4,"column":3}},"1":{"start":{"line":5,"column":0},"end":{"line":8,"column":3}},"2":{"start":{"line":7,"column":13},"end":{"line":7,"column":28}},"3":{"start":{"line":9,"column":16},"end":{"line":9,"column":35}},"4":{"start":{"line":10,"column":21},"end":{"line":10,"column":51}},"5":{"start":{"line":12,"column":4},"end":{"line":12,"column":34}},"6":{"start":{"line":12,"column":27},"end":{"line":12,"column":34}},"7":{"start":{"line":13,"column":4},"end":{"line":17,"column":5}},"8":{"start":{"line":14,"column":8},"end":{"line":14,"column":52}},"9":{"start":{"line":16,"column":8},"end":{"line":16,"column":153}}},"fnMap":{"0":{"name":"(anonymous_0)","decl":{"start":{"line":7,"column":9},"end":{"line":7,"column":10}},"loc":{"start":{"line":7,"column":13},"end":{"line":7,"column":28}},"line":7},"1":{"name":"validateRequest","decl":{"start":{"line":11,"column":9},"end":{"line":11,"column":24}},"loc":{"start":{"line":11,"column":74},"end":{"line":18,"column":1}},"line":11}},"branchMap":{"0":{"loc":{"start":{"line":12,"column":4},"end":{"line":12,"column":34}},"type":"if","locations":[{"start":{"line":12,"column":4},"end":{"line":12,"column":34}},{"start":{"line":12,"column":4},"end":{"line":12,"column":34}}],"line":12}},"s":{"0":1,"1":1,"2":8,"3":1,"4":1,"5":8,"6":3,"7":5,"8":5,"9":1},"f":{"0":8,"1":8},"b":{"0":[3,5]},"_coverageSchema":"1a1c01bbd47fc00a2c39e90264f33305004495a9","hash":"44c1d7273d30c29608f912ec615092a82af70086","contentHash":"eaca01c083274829e5f0cfd6dc9452e0538a2f8ca1463fca7146510c2e8889d8"}
,"/home/dmitry-kazakov/projects/dk/request/src/validateResponse.ts": {"path":"/home/dmitry-kazakov/projects/dk/request/src/validateResponse.ts","statementMap":{"0":{"start":{"line":2,"column":0},"end":{"line":4,"column":3}},"1":{"start":{"line":5,"column":0},"end":{"line":8,"column":3}},"2":{"start":{"line":7,"column":13},"end":{"line":7,"column":29}},"3":{"start":{"line":9,"column":35},"end":{"line":9,"column":74}},"4":{"start":{"line":10,"column":16},"end":{"line":10,"column":35}},"5":{"start":{"line":11,"column":21},"end":{"line":11,"column":51}},"6":{"start":{"line":13,"column":4},"end":{"line":13,"column":117}},"7":{"start":{"line":13,"column":100},"end":{"line":13,"column":117}},"8":{"start":{"line":14,"column":4},"end":{"line":14,"column":70}},"9":{"start":{"line":14,"column":54},"end":{"line":14,"column":70}},"10":{"start":{"line":15,"column":4},"end":{"line":25,"column":5}},"11":{"start":{"line":16,"column":8},"end":{"line":16,"column":42}},"12":{"start":{"line":17,"column":8},"end":{"line":21,"column":11}},"13":{"start":{"line":22,"column":8},"end":{"line":22,"column":24}},"14":{"start":{"line":24,"column":8},"end":{"line":24,"column":155}}},"fnMap":{"0":{"name":"(anonymous_0)","decl":{"start":{"line":7,"column":9},"end":{"line":7,"column":10}},"loc":{"start":{"line":7,"column":13},"end":{"line":7,"column":29}},"line":7},"1":{"name":"validateResponse","decl":{"start":{"line":12,"column":9},"end":{"line":12,"column":25}},"loc":{"start":{"line":12,"column":130},"end":{"line":26,"column":1}},"line":12}},"branchMap":{"0":{"loc":{"start":{"line":13,"column":4},"end":{"line":13,"column":117}},"type":"if","locations":[{"start":{"line":13,"column":4},"end":{"line":13,"column":117}},{"start":{"line":13,"column":4},"end":{"line":13,"column":117}}],"line":13},"1":{"loc":{"start":{"line":13,"column":8},"end":{"line":13,"column":98}},"type":"cond-expr","locations":[{"start":{"line":13,"column":61},"end":{"line":13,"column":67}},{"start":{"line":13,"column":70},"end":{"line":13,"column":98}}],"line":13},"2":{"loc":{"start":{"line":13,"column":8},"end":{"line":13,"column":58}},"type":"binary-expr","locations":[{"start":{"line":13,"column":8},"end":{"line":13,"column":30}},{"start":{"line":13,"column":34},"end":{"line":13,"column":58}}],"line":13},"3":{"loc":{"start":{"line":14,"column":4},"end":{"line":14,"column":70}},"type":"if","locations":[{"start":{"line":14,"column":4},"end":{"line":14,"column":70}},{"start":{"line":14,"column":4},"end":{"line":14,"column":70}}],"line":14},"4":{"loc":{"start":{"line":14,"column":8},"end":{"line":14,"column":52}},"type":"binary-expr","locations":[{"start":{"line":14,"column":8},"end":{"line":14,"column":26}},{"start":{"line":14,"column":30},"end":{"line":14,"column":52}}],"line":14}},"s":{"0":1,"1":1,"2":7,"3":1,"4":1,"5":1,"6":7,"7":0,"8":7,"9":4,"10":3,"11":3,"12":2,"13":2,"14":1},"f":{"0":7,"1":7},"b":{"0":[0,7],"1":[0,7],"2":[7,7],"3":[4,3],"4":[7,4]},"_coverageSchema":"1a1c01bbd47fc00a2c39e90264f33305004495a9","hash":"2ccdb6e043b00a302dc34e0785d7095becc2cb68","contentHash":"267517f51269339dc07fd748584b8941058e05b279ccc16cebc5b7939566400c"}
}
